Running: /opt/Xilinx/14.7/ISE_DS/ISE/bin/lin64/unwrapped/fuse -intstyle ise -incremental -lib unisims_ver -lib unimacro_ver -lib xilinxcorelib_ver -lib secureip -o /home/ise/ao/ao_tb_isim_beh.exe -prj /home/ise/ao/ao_tb_beh.prj work.ao_tb work.glbl 
ISim P.20131013 (signature 0xfbc00daa)
Number of CPUs detected in this system: 1
Turning on mult-threading, number of parallel sub-compilation jobs: 0 
Determining compilation order of HDL files
Analyzing Verilog file "/home/ise/ao/pid_controller.v" into library work
Analyzing Verilog file "/home/ise/ao/ao.v" into library work
Analyzing Verilog file "/home/ise/ao/ao_tb.v" into library work
Analyzing Verilog file "/opt/Xilinx/14.7/ISE_DS/ISE//verilog/src/glbl.v" into library work
Starting static elaboration
Completed static elaboration
Fuse Memory Usage: 94956 KB
Fuse CPU Usage: 780 ms
Compiling module pid_controller
Compiling module ao
Compiling module ao_tb
Compiling module glbl
Time Resolution for simulation is 1ps.
Compiled 4 Verilog Units
Built simulation executable /home/ise/ao/ao_tb_isim_beh.exe
Fuse Memory Usage: 98080 KB
Fuse CPU Usage: 780 ms
GCC CPU Usage: 330 ms
